{"/Users/admin/Desktop/Everest/TestingTDD/models.ts": {"path":"/Users/admin/Desktop/Everest/TestingTDD/models.ts","statementMap":{"0":{"start":{"line":1,"column":17},"end":{"line":1,"column":36}},"1":{"start":{"line":2,"column":13},"end":{"line":70,"column":3}},"2":{"start":{"line":73,"column":13},"end":{"line":73,"column":60}}},"fnMap":{},"branchMap":{},"s":{"0":5,"1":5,"2":5},"f":{},"b":{}}
,"/Users/admin/Desktop/Everest/TestingTDD/src/main/data.ts": {"path":"/Users/admin/Desktop/Everest/TestingTDD/src/main/data.ts","statementMap":{"0":{"start":{"line":23,"column":13},"end":{"line":44,"column":null}}},"fnMap":{},"branchMap":{},"s":{"0":1},"f":{},"b":{}}
,"/Users/admin/Desktop/Everest/TestingTDD/src/main/post/budget.ts": {"path":"/Users/admin/Desktop/Everest/TestingTDD/src/main/post/budget.ts","statementMap":{"0":{"start":{"line":2,"column":0},"end":{"line":2,"column":44}},"1":{"start":{"line":10,"column":8},"end":{"line":10,"column":25}},"2":{"start":{"line":11,"column":8},"end":{"line":11,"column":33}},"3":{"start":{"line":12,"column":8},"end":{"line":12,"column":null}},"4":{"start":{"line":16,"column":8},"end":{"line":31,"column":9}},"5":{"start":{"line":17,"column":25},"end":{"line":17,"column":34}},"6":{"start":{"line":18,"column":27},"end":{"line":18,"column":40}},"7":{"start":{"line":19,"column":27},"end":{"line":19,"column":38}},"8":{"start":{"line":20,"column":25},"end":{"line":20,"column":58}},"9":{"start":{"line":21,"column":12},"end":{"line":23,"column":13}},"10":{"start":{"line":22,"column":14},"end":{"line":22,"column":27}},"11":{"start":{"line":24,"column":12},"end":{"line":24,"column":63}},"12":{"start":{"line":25,"column":12},"end":{"line":25,"column":30}},"13":{"start":{"line":26,"column":12},"end":{"line":26,"column":null}},"14":{"start":{"line":29,"column":12},"end":{"line":29,"column":null}},"15":{"start":{"line":30,"column":12},"end":{"line":30,"column":null}},"16":{"start":{"line":4,"column":0},"end":{"line":4,"column":13}}},"fnMap":{"0":{"name":"(anonymous_7)","decl":{"start":{"line":9,"column":4},"end":{"line":9,"column":16}},"loc":{"start":{"line":9,"column":60},"end":{"line":13,"column":5}}},"1":{"name":"(anonymous_8)","decl":{"start":{"line":15,"column":10},"end":{"line":15,"column":19}},"loc":{"start":{"line":15,"column":19},"end":{"line":33,"column":null}}}},"branchMap":{"0":{"loc":{"start":{"line":21,"column":12},"end":{"line":23,"column":13}},"type":"if","locations":[{"start":{"line":21,"column":12},"end":{"line":23,"column":13}}]}},"s":{"0":1,"1":3,"2":3,"3":3,"4":3,"5":3,"6":3,"7":3,"8":3,"9":2,"10":1,"11":1,"12":1,"13":1,"14":1,"15":1,"16":1},"f":{"0":3,"1":3},"b":{"0":[1]}}
,"/Users/admin/Desktop/Everest/TestingTDD/src/main/post/login.ts": {"path":"/Users/admin/Desktop/Everest/TestingTDD/src/main/post/login.ts","statementMap":{"0":{"start":{"line":1,"column":0},"end":{"line":1,"column":44}},"1":{"start":{"line":7,"column":8},"end":{"line":7,"column":25}},"2":{"start":{"line":8,"column":8},"end":{"line":8,"column":33}},"3":{"start":{"line":11,"column":8},"end":{"line":26,"column":9}},"4":{"start":{"line":12,"column":24},"end":{"line":12,"column":33}},"5":{"start":{"line":13,"column":29},"end":{"line":13,"column":42}},"6":{"start":{"line":14,"column":25},"end":{"line":14,"column":57}},"7":{"start":{"line":15,"column":12},"end":{"line":17,"column":13}},"8":{"start":{"line":16,"column":14},"end":{"line":16,"column":27}},"9":{"start":{"line":18,"column":12},"end":{"line":21,"column":13}},"10":{"start":{"line":19,"column":14},"end":{"line":19,"column":null}},"11":{"start":{"line":20,"column":14},"end":{"line":20,"column":27}},"12":{"start":{"line":25,"column":12},"end":{"line":25,"column":null}},"13":{"start":{"line":3,"column":0},"end":{"line":3,"column":13}}},"fnMap":{"0":{"name":"(anonymous_7)","decl":{"start":{"line":6,"column":4},"end":{"line":6,"column":16}},"loc":{"start":{"line":6,"column":46},"end":{"line":9,"column":5}}},"1":{"name":"(anonymous_8)","decl":{"start":{"line":10,"column":11},"end":{"line":10,"column":19}},"loc":{"start":{"line":10,"column":19},"end":{"line":27,"column":null}}}},"branchMap":{"0":{"loc":{"start":{"line":15,"column":12},"end":{"line":17,"column":13}},"type":"if","locations":[{"start":{"line":15,"column":12},"end":{"line":17,"column":13}}]},"1":{"loc":{"start":{"line":18,"column":12},"end":{"line":21,"column":13}},"type":"if","locations":[{"start":{"line":18,"column":12},"end":{"line":21,"column":13}}]}},"s":{"0":1,"1":7,"2":7,"3":7,"4":7,"5":7,"6":7,"7":6,"8":5,"9":1,"10":1,"11":1,"12":1,"13":1},"f":{"0":7,"1":7},"b":{"0":[5],"1":[1]}}
,"/Users/admin/Desktop/Everest/TestingTDD/src/main/post/register.ts": {"path":"/Users/admin/Desktop/Everest/TestingTDD/src/main/post/register.ts","statementMap":{"0":{"start":{"line":1,"column":0},"end":{"line":1,"column":44}},"1":{"start":{"line":8,"column":8},"end":{"line":8,"column":25}},"2":{"start":{"line":9,"column":8},"end":{"line":9,"column":33}},"3":{"start":{"line":10,"column":8},"end":{"line":10,"column":null}},"4":{"start":{"line":13,"column":12},"end":{"line":31,"column":13}},"5":{"start":{"line":14,"column":30},"end":{"line":14,"column":73}},"6":{"start":{"line":15,"column":16},"end":{"line":17,"column":13}},"7":{"start":{"line":16,"column":16},"end":{"line":16,"column":30}},"8":{"start":{"line":18,"column":29},"end":{"line":23,"column":18}},"9":{"start":{"line":24,"column":16},"end":{"line":26,"column":17}},"10":{"start":{"line":25,"column":20},"end":{"line":25,"column":33}},"11":{"start":{"line":27,"column":16},"end":{"line":27,"column":34}},"12":{"start":{"line":30,"column":16},"end":{"line":30,"column":null}},"13":{"start":{"line":2,"column":0},"end":{"line":2,"column":13}}},"fnMap":{"0":{"name":"(anonymous_7)","decl":{"start":{"line":7,"column":4},"end":{"line":7,"column":16}},"loc":{"start":{"line":7,"column":60},"end":{"line":11,"column":5}}},"1":{"name":"(anonymous_8)","decl":{"start":{"line":12,"column":11},"end":{"line":12,"column":22}},"loc":{"start":{"line":12,"column":22},"end":{"line":33,"column":null}}}},"branchMap":{"0":{"loc":{"start":{"line":15,"column":16},"end":{"line":17,"column":13}},"type":"if","locations":[{"start":{"line":15,"column":16},"end":{"line":17,"column":13}}]},"1":{"loc":{"start":{"line":24,"column":16},"end":{"line":26,"column":17}},"type":"if","locations":[{"start":{"line":24,"column":16},"end":{"line":26,"column":17}}]},"2":{"loc":{"start":{"line":24,"column":20},"end":{"line":24,"column":81}},"type":"binary-expr","locations":[{"start":{"line":24,"column":20},"end":{"line":24,"column":36}},{"start":{"line":24,"column":40},"end":{"line":24,"column":60}},{"start":{"line":24,"column":64},"end":{"line":24,"column":81}}]}},"s":{"0":1,"1":8,"2":8,"3":8,"4":8,"5":8,"6":7,"7":2,"8":5,"9":5,"10":4,"11":1,"12":1,"13":1},"f":{"0":8,"1":8},"b":{"0":[2],"1":[4],"2":[5,3,2]}}
,"/Users/admin/Desktop/Everest/TestingTDD/src/main/post/report.ts": {"path":"/Users/admin/Desktop/Everest/TestingTDD/src/main/post/report.ts","statementMap":{"0":{"start":{"line":4,"column":21},"end":{"line":16,"column":1}},"1":{"start":{"line":5,"column":24},"end":{"line":5,"column":52}},"2":{"start":{"line":6,"column":22},"end":{"line":6,"column":77}},"3":{"start":{"line":7,"column":21},"end":{"line":7,"column":46}},"4":{"start":{"line":8,"column":25},"end":{"line":8,"column":54}},"5":{"start":{"line":9,"column":22},"end":{"line":9,"column":80}},"6":{"start":{"line":10,"column":3},"end":{"line":15,"column":null}},"7":{"start":{"line":4,"column":13},"end":{"line":4,"column":21}}},"fnMap":{"0":{"name":"(anonymous_0)","decl":{"start":{"line":4,"column":21},"end":{"line":4,"column":22}},"loc":{"start":{"line":4,"column":38},"end":{"line":16,"column":1}}}},"branchMap":{},"s":{"0":1,"1":1,"2":1,"3":1,"4":1,"5":1,"6":1,"7":1},"f":{"0":1},"b":{}}
,"/Users/admin/Desktop/Everest/TestingTDD/src/main/post/saving.ts": {"path":"/Users/admin/Desktop/Everest/TestingTDD/src/main/post/saving.ts","statementMap":{"0":{"start":{"line":2,"column":0},"end":{"line":2,"column":44}},"1":{"start":{"line":8,"column":8},"end":{"line":8,"column":23}},"2":{"start":{"line":9,"column":8},"end":{"line":9,"column":null}},"3":{"start":{"line":10,"column":8},"end":{"line":10,"column":null}},"4":{"start":{"line":13,"column":8},"end":{"line":29,"column":9}},"5":{"start":{"line":14,"column":25},"end":{"line":14,"column":34}},"6":{"start":{"line":15,"column":31},"end":{"line":15,"column":46}},"7":{"start":{"line":16,"column":27},"end":{"line":16,"column":38}},"8":{"start":{"line":17,"column":34},"end":{"line":17,"column":35}},"9":{"start":{"line":18,"column":25},"end":{"line":18,"column":58}},"10":{"start":{"line":19,"column":12},"end":{"line":21,"column":13}},"11":{"start":{"line":20,"column":14},"end":{"line":20,"column":27}},"12":{"start":{"line":22,"column":12},"end":{"line":22,"column":99}},"13":{"start":{"line":23,"column":12},"end":{"line":23,"column":30}},"14":{"start":{"line":24,"column":12},"end":{"line":24,"column":null}},"15":{"start":{"line":27,"column":12},"end":{"line":27,"column":null}},"16":{"start":{"line":28,"column":12},"end":{"line":28,"column":null}},"17":{"start":{"line":3,"column":0},"end":{"line":3,"column":13}}},"fnMap":{"0":{"name":"(anonymous_7)","decl":{"start":{"line":7,"column":4},"end":{"line":7,"column":16}},"loc":{"start":{"line":7,"column":59},"end":{"line":11,"column":5}}},"1":{"name":"(anonymous_8)","decl":{"start":{"line":12,"column":10},"end":{"line":12,"column":19}},"loc":{"start":{"line":12,"column":19},"end":{"line":32,"column":null}}}},"branchMap":{"0":{"loc":{"start":{"line":19,"column":12},"end":{"line":21,"column":13}},"type":"if","locations":[{"start":{"line":19,"column":12},"end":{"line":21,"column":13}}]}},"s":{"0":1,"1":3,"2":3,"3":3,"4":3,"5":3,"6":3,"7":3,"8":3,"9":3,"10":2,"11":1,"12":1,"13":1,"14":1,"15":1,"16":1,"17":1},"f":{"0":3,"1":3},"b":{"0":[1]}}
,"/Users/admin/Desktop/Everest/TestingTDD/src/main/post/transaction.ts": {"path":"/Users/admin/Desktop/Everest/TestingTDD/src/main/post/transaction.ts","statementMap":{"0":{"start":{"line":2,"column":0},"end":{"line":2,"column":44}},"1":{"start":{"line":12,"column":4},"end":{"line":12,"column":21}},"2":{"start":{"line":13,"column":4},"end":{"line":13,"column":null}},"3":{"start":{"line":14,"column":4},"end":{"line":14,"column":25}},"4":{"start":{"line":15,"column":4},"end":{"line":15,"column":21}},"5":{"start":{"line":16,"column":4},"end":{"line":16,"column":null}},"6":{"start":{"line":20,"column":4},"end":{"line":58,"column":5}},"7":{"start":{"line":21,"column":17},"end":{"line":21,"column":26}},"8":{"start":{"line":22,"column":28},"end":{"line":22,"column":48}},"9":{"start":{"line":23,"column":21},"end":{"line":23,"column":32}},"10":{"start":{"line":24,"column":19},"end":{"line":24,"column":28}},"11":{"start":{"line":25,"column":23},"end":{"line":25,"column":36}},"12":{"start":{"line":26,"column":19},"end":{"line":26,"column":52}},"13":{"start":{"line":27,"column":6},"end":{"line":29,"column":7}},"14":{"start":{"line":28,"column":8},"end":{"line":28,"column":22}},"15":{"start":{"line":30,"column":6},"end":{"line":43,"column":7}},"16":{"start":{"line":31,"column":23},"end":{"line":31,"column":117}},"17":{"start":{"line":31,"column":83},"end":{"line":31,"column":116}},"18":{"start":{"line":32,"column":8},"end":{"line":32,"column":null}},"19":{"start":{"line":33,"column":8},"end":{"line":36,"column":9}},"20":{"start":{"line":34,"column":10},"end":{"line":34,"column":null}},"21":{"start":{"line":35,"column":10},"end":{"line":35,"column":23}},"22":{"start":{"line":38,"column":8},"end":{"line":38,"column":30}},"23":{"start":{"line":39,"column":8},"end":{"line":39,"column":32}},"24":{"start":{"line":40,"column":8},"end":{"line":40,"column":74}},"25":{"start":{"line":41,"column":8},"end":{"line":41,"column":26}},"26":{"start":{"line":42,"column":8},"end":{"line":42,"column":null}},"27":{"start":{"line":45,"column":6},"end":{"line":54,"column":7}},"28":{"start":{"line":46,"column":23},"end":{"line":46,"column":101}},"29":{"start":{"line":46,"column":73},"end":{"line":46,"column":100}},"30":{"start":{"line":47,"column":8},"end":{"line":49,"column":9}},"31":{"start":{"line":48,"column":10},"end":{"line":48,"column":23}},"32":{"start":{"line":50,"column":8},"end":{"line":50,"column":39}},"33":{"start":{"line":51,"column":8},"end":{"line":51,"column":73}},"34":{"start":{"line":52,"column":8},"end":{"line":52,"column":26}},"35":{"start":{"line":53,"column":8},"end":{"line":53,"column":null}},"36":{"start":{"line":57,"column":6},"end":{"line":57,"column":19}},"37":{"start":{"line":3,"column":0},"end":{"line":3,"column":13}}},"fnMap":{"0":{"name":"(anonymous_7)","decl":{"start":{"line":11,"column":2},"end":{"line":11,"column":14}},"loc":{"start":{"line":11,"column":94},"end":{"line":17,"column":3}}},"1":{"name":"(anonymous_8)","decl":{"start":{"line":19,"column":8},"end":{"line":19,"column":23}},"loc":{"start":{"line":19,"column":23},"end":{"line":59,"column":null}}},"2":{"name":"(anonymous_10)","decl":{"start":{"line":31,"column":44},"end":{"line":31,"column":45}},"loc":{"start":{"line":31,"column":83},"end":{"line":31,"column":116}}},"3":{"name":"(anonymous_11)","decl":{"start":{"line":46,"column":40},"end":{"line":46,"column":41}},"loc":{"start":{"line":46,"column":73},"end":{"line":46,"column":100}}}},"branchMap":{"0":{"loc":{"start":{"line":27,"column":6},"end":{"line":29,"column":7}},"type":"if","locations":[{"start":{"line":27,"column":6},"end":{"line":29,"column":7}}]},"1":{"loc":{"start":{"line":30,"column":6},"end":{"line":43,"column":7}},"type":"if","locations":[{"start":{"line":30,"column":6},"end":{"line":43,"column":7}}]},"2":{"loc":{"start":{"line":30,"column":9},"end":{"line":30,"column":43}},"type":"binary-expr","locations":[{"start":{"line":30,"column":9},"end":{"line":30,"column":24}},{"start":{"line":30,"column":28},"end":{"line":30,"column":43}}]},"3":{"loc":{"start":{"line":33,"column":8},"end":{"line":36,"column":9}},"type":"if","locations":[{"start":{"line":33,"column":8},"end":{"line":36,"column":9}}]},"4":{"loc":{"start":{"line":45,"column":6},"end":{"line":54,"column":7}},"type":"if","locations":[{"start":{"line":45,"column":6},"end":{"line":54,"column":7}}]},"5":{"loc":{"start":{"line":45,"column":9},"end":{"line":45,"column":41}},"type":"binary-expr","locations":[{"start":{"line":45,"column":9},"end":{"line":45,"column":24}},{"start":{"line":45,"column":26},"end":{"line":45,"column":41}}]},"6":{"loc":{"start":{"line":47,"column":8},"end":{"line":49,"column":9}},"type":"if","locations":[{"start":{"line":47,"column":8},"end":{"line":49,"column":9}}]}},"s":{"0":1,"1":6,"2":6,"3":6,"4":6,"5":6,"6":6,"7":6,"8":6,"9":6,"10":6,"11":6,"12":6,"13":5,"14":1,"15":4,"16":2,"17":1,"18":2,"19":2,"20":1,"21":1,"22":1,"23":1,"24":1,"25":1,"26":1,"27":2,"28":2,"29":1,"30":1,"31":0,"32":1,"33":1,"34":1,"35":1,"36":2,"37":1},"f":{"0":6,"1":6,"2":1,"3":1},"b":{"0":[1],"1":[2],"2":[4,2],"3":[1],"4":[2],"5":[2,0],"6":[0]}}
}
