TN:
SF:models.ts
FNF:0
FNH:0
DA:1,5
DA:2,5
DA:73,5
LF:3
LH:3
BRF:0
BRH:0
end_of_record
TN:
SF:src/main/data.ts
FNF:0
FNH:0
DA:23,1
LF:1
LH:1
BRF:0
BRH:0
end_of_record
TN:
SF:src/main/post/budget.ts
FN:9,(anonymous_7)
FN:15,(anonymous_8)
FNF:2
FNH:2
FNDA:3,(anonymous_7)
FNDA:3,(anonymous_8)
DA:2,1
DA:4,1
DA:10,3
DA:11,3
DA:12,3
DA:16,3
DA:17,3
DA:18,3
DA:19,3
DA:20,3
DA:21,2
DA:22,1
DA:24,1
DA:25,1
DA:26,1
DA:29,1
DA:30,1
LF:17
LH:17
BRDA:21,0,0,1
BRF:1
BRH:1
end_of_record
TN:
SF:src/main/post/login.ts
FN:6,(anonymous_7)
FN:10,(anonymous_8)
FNF:2
FNH:2
FNDA:7,(anonymous_7)
FNDA:7,(anonymous_8)
DA:1,1
DA:3,1
DA:7,7
DA:8,7
DA:11,7
DA:12,7
DA:13,7
DA:14,7
DA:15,6
DA:16,5
DA:18,1
DA:19,1
DA:20,1
DA:25,1
LF:14
LH:14
BRDA:15,0,0,5
BRDA:18,1,0,1
BRF:2
BRH:2
end_of_record
TN:
SF:src/main/post/register.ts
FN:7,(anonymous_7)
FN:12,(anonymous_8)
FNF:2
FNH:2
FNDA:8,(anonymous_7)
FNDA:8,(anonymous_8)
DA:1,1
DA:2,1
DA:8,8
DA:9,8
DA:10,8
DA:13,8
DA:14,8
DA:15,7
DA:16,2
DA:18,5
DA:24,5
DA:25,4
DA:27,1
DA:30,1
LF:14
LH:14
BRDA:15,0,0,2
BRDA:24,1,0,4
BRDA:24,2,0,5
BRDA:24,2,1,3
BRDA:24,2,2,2
BRF:5
BRH:5
end_of_record
TN:
SF:src/main/post/report.ts
FN:4,(anonymous_0)
FNF:1
FNH:1
FNDA:1,(anonymous_0)
DA:4,1
DA:5,1
DA:6,1
DA:7,1
DA:8,1
DA:9,1
DA:10,1
LF:7
LH:7
BRF:0
BRH:0
end_of_record
TN:
SF:src/main/post/saving.ts
FN:7,(anonymous_7)
FN:12,(anonymous_8)
FNF:2
FNH:2
FNDA:3,(anonymous_7)
FNDA:3,(anonymous_8)
DA:2,1
DA:3,1
DA:8,3
DA:9,3
DA:10,3
DA:13,3
DA:14,3
DA:15,3
DA:16,3
DA:17,3
DA:18,3
DA:19,2
DA:20,1
DA:22,1
DA:23,1
DA:24,1
DA:27,1
DA:28,1
LF:18
LH:18
BRDA:19,0,0,1
BRF:1
BRH:1
end_of_record
TN:
SF:src/main/post/transaction.ts
FN:11,(anonymous_7)
FN:19,(anonymous_8)
FN:31,(anonymous_10)
FN:46,(anonymous_11)
FNF:4
FNH:4
FNDA:6,(anonymous_7)
FNDA:6,(anonymous_8)
FNDA:1,(anonymous_10)
FNDA:1,(anonymous_11)
DA:2,1
DA:3,1
DA:12,6
DA:13,6
DA:14,6
DA:15,6
DA:16,6
DA:20,6
DA:21,6
DA:22,6
DA:23,6
DA:24,6
DA:25,6
DA:26,6
DA:27,5
DA:28,1
DA:30,4
DA:31,2
DA:32,2
DA:33,2
DA:34,1
DA:35,1
DA:38,1
DA:39,1
DA:40,1
DA:41,1
DA:42,1
DA:45,2
DA:46,2
DA:47,1
DA:48,0
DA:50,1
DA:51,1
DA:52,1
DA:53,1
DA:57,2
LF:36
LH:35
BRDA:27,0,0,1
BRDA:30,1,0,2
BRDA:30,2,0,4
BRDA:30,2,1,2
BRDA:33,3,0,1
BRDA:45,4,0,2
BRDA:45,5,0,2
BRDA:45,5,1,0
BRDA:47,6,0,0
BRF:9
BRH:7
end_of_record
