TN:
SF:data.ts
FNF:0
FNH:0
DA:23,3
LF:1
LH:1
BRF:0
BRH:0
end_of_record
TN:
SF:src/main/budget.ts
FN:5,(anonymous_0)
FN:10,(anonymous_1)
FNF:2
FNH:2
FNDA:6,(anonymous_0)
FNDA:5,(anonymous_1)
DA:1,1
DA:6,6
DA:7,6
DA:11,5
DA:12,2
DA:14,3
DA:15,3
LF:7
LH:7
BRDA:11,0,0,2
BRF:1
BRH:1
end_of_record
TN:
SF:src/main/login.ts
FN:3,(anonymous_0)
FNF:1
FNH:1
FNDA:4,(anonymous_0)
DA:1,1
DA:3,1
DA:4,4
DA:5,4
DA:16,0
LF:5
LH:4
BRDA:4,0,0,4
BRF:1
BRH:1
end_of_record
TN:
SF:src/main/report.ts
FN:4,(anonymous_0)
FNF:1
FNH:1
FNDA:1,(anonymous_0)
DA:4,1
DA:5,1
DA:6,1
DA:7,1
DA:8,1
DA:9,1
DA:10,1
LF:7
LH:7
BRF:0
BRH:0
end_of_record
TN:
SF:src/main/saving.ts
FN:5,(anonymous_0)
FN:9,(anonymous_1)
FNF:2
FNH:2
FNDA:1,(anonymous_0)
FNDA:2,(anonymous_1)
DA:1,1
DA:3,1
DA:4,1
DA:5,1
DA:6,1
DA:7,1
DA:9,1
DA:10,2
DA:11,0
DA:13,2
DA:14,2
LF:11
LH:10
BRDA:10,0,0,0
BRF:1
BRH:0
end_of_record
TN:
SF:src/main/transaction.ts
FN:32,(anonymous_8)
FN:38,(anonymous_9)
FNF:2
FNH:2
FNDA:2,(anonymous_8)
FNDA:2,(anonymous_9)
DA:25,1
DA:27,1
DA:33,2
DA:34,2
DA:35,2
DA:39,2
DA:40,2
DA:45,1
DA:48,1
LF:9
LH:9
BRF:0
BRH:0
end_of_record
